2025-04-27 19:14:01,354 | frontend.js | INFO | API response delayed
2025-04-27 19:14:01,354 | frontend.js | INFO | Cache miss
2025-04-27 19:14:01,354 | frontend.js | CRITICAL | Cache miss
2025-04-27 19:14:01,354 | frontend.js | INFO | Disk failure detected
2025-04-27 19:14:01,354 | frontend.js | WARNING | API response delayed
2025-04-27 19:14:01,354 | frontend.js | INFO | Database corruption
2025-04-27 19:14:01,354 | frontend.js | ERROR | Database corruption
2025-04-27 19:14:01,354 | frontend.js | ERROR | Cache miss
2025-04-27 19:14:01,354 | frontend.js | WARNING | Memory leak detected
2025-04-27 19:14:01,354 | frontend.js | WARNING | System failure
2025-04-27 19:14:01,357 | frontend.js | WARNING | Unhandled exception
2025-04-27 19:14:01,357 | frontend.js | CRITICAL | Configuration loaded
2025-04-27 19:14:01,357 | frontend.js | ERROR | System failure
2025-04-27 19:14:01,357 | frontend.js | WARNING | API response delayed
2025-04-27 19:14:01,357 | frontend.js | WARNING | Database corruption
2025-04-27 19:14:01,357 | frontend.js | CRITICAL | Cache miss
2025-04-27 19:14:01,357 | frontend.js | WARNING | System failure
2025-04-27 19:14:01,357 | frontend.js | INFO | Unhandled exception
2025-04-27 19:14:01,357 | frontend.js | ERROR | Unhandled exception
2025-04-27 19:14:01,357 | frontend.js | WARNING | System failure
2025-04-27 19:14:01,357 | frontend.js | INFO | Disk failure detected
2025-04-27 19:14:01,357 | frontend.js | ERROR | Disk failure detected
2025-04-27 19:14:01,357 | frontend.js | INFO | Service timeout
2025-04-27 19:14:01,357 | frontend.js | CRITICAL | User login success
2025-04-27 19:14:01,357 | frontend.js | CRITICAL | System failure
2025-04-27 19:14:01,357 | frontend.js | INFO | Memory leak detected
2025-04-27 19:14:01,357 | frontend.js | CRITICAL | Database corruption
2025-04-27 19:14:01,357 | frontend.js | INFO | Unhandled exception
2025-04-27 19:14:01,357 | frontend.js | ERROR | Unhandled exception
2025-04-27 19:14:01,357 | frontend.js | WARNING | Disk failure detected
2025-04-27 19:14:01,357 | frontend.js | CRITICAL | Configuration loaded
2025-04-27 19:14:01,357 | frontend.js | WARNING | Memory leak detected
2025-04-27 19:14:01,357 | frontend.js | INFO | API response delayed
2025-04-27 19:14:01,357 | frontend.js | WARNING | Memory leak detected
2025-04-27 19:14:01,357 | frontend.js | INFO | User login success
2025-04-27 19:14:01,357 | frontend.js | WARNING | Unhandled exception
2025-04-27 19:14:01,357 | frontend.js | CRITICAL | Cache miss
2025-04-27 19:14:01,357 | frontend.js | WARNING | User login success
2025-04-27 19:14:01,359 | frontend.js | CRITICAL | Configuration loaded
2025-04-27 19:14:01,359 | frontend.js | CRITICAL | Configuration loaded
2025-04-27 19:14:01,359 | frontend.js | CRITICAL | Cache miss
2025-04-27 19:14:01,359 | frontend.js | INFO | Disk failure detected
2025-04-27 19:14:01,359 | frontend.js | WARNING | API response delayed
2025-04-27 19:14:01,359 | frontend.js | WARNING | Disk failure detected
2025-04-27 19:14:01,359 | frontend.js | ERROR | Memory leak detected
2025-04-27 19:14:01,359 | frontend.js | CRITICAL | Service timeout
2025-04-27 19:14:01,359 | frontend.js | INFO | Configuration loaded
2025-04-27 19:14:01,359 | frontend.js | CRITICAL | User login success
2025-04-27 19:14:01,359 | frontend.js | ERROR | Database corruption
2025-04-27 19:14:01,359 | frontend.js | CRITICAL | API response delayed
2025-04-27 19:16:18,740 | frontend.js | INFO | Configuration loaded
2025-04-27 19:16:18,740 | frontend.js | WARNING | API response delayed
2025-04-27 19:16:18,740 | frontend.js | INFO | User login success
2025-04-27 19:16:18,740 | frontend.js | CRITICAL | Configuration loaded
2025-04-27 19:16:18,740 | frontend.js | ERROR | Disk failure detected
2025-04-27 19:16:18,740 | frontend.js | CRITICAL | Cache miss
2025-04-27 19:16:18,740 | frontend.js | INFO | Cache miss
2025-04-27 19:16:18,740 | frontend.js | CRITICAL | System failure
2025-04-27 19:16:18,740 | frontend.js | CRITICAL | Configuration loaded
2025-04-27 19:16:18,740 | frontend.js | WARNING | Service timeout
2025-04-27 19:16:18,740 | frontend.js | WARNING | System failure
2025-04-27 19:16:18,742 | frontend.js | CRITICAL | Memory leak detected
2025-04-27 19:16:18,742 | frontend.js | CRITICAL | Configuration loaded
2025-04-27 19:16:18,742 | frontend.js | WARNING | User login success
2025-04-27 19:16:18,742 | frontend.js | ERROR | Unhandled exception
2025-04-27 19:16:18,742 | frontend.js | CRITICAL | API response delayed
2025-04-27 19:16:18,742 | frontend.js | ERROR | Disk failure detected
2025-04-27 19:16:18,742 | frontend.js | INFO | Disk failure detected
2025-04-27 19:16:18,742 | frontend.js | INFO | Unhandled exception
2025-04-27 19:16:18,742 | frontend.js | WARNING | Cache miss
2025-04-27 19:16:18,742 | frontend.js | INFO | User login success
2025-04-27 19:16:18,742 | frontend.js | WARNING | Disk failure detected
2025-04-27 19:16:18,742 | frontend.js | WARNING | Disk failure detected
2025-04-27 19:16:18,742 | frontend.js | ERROR | Service timeout
2025-04-27 19:16:18,742 | frontend.js | ERROR | API response delayed
2025-04-27 19:16:18,742 | frontend.js | ERROR | Unhandled exception
2025-04-27 19:16:18,742 | frontend.js | ERROR | Service timeout
2025-04-27 19:16:18,742 | frontend.js | INFO | Disk failure detected
2025-04-27 19:16:18,742 | frontend.js | ERROR | User login success
2025-04-27 19:16:18,742 | frontend.js | CRITICAL | Database corruption
2025-04-27 19:16:18,742 | frontend.js | INFO | Configuration loaded
2025-04-27 19:16:18,742 | frontend.js | WARNING | Disk failure detected
2025-04-27 19:16:18,742 | frontend.js | WARNING | Unhandled exception
2025-04-27 19:16:18,742 | frontend.js | WARNING | User login success
2025-04-27 19:16:18,742 | frontend.js | ERROR | Cache miss
2025-04-27 19:16:18,742 | frontend.js | ERROR | Configuration loaded
2025-04-27 19:16:18,742 | frontend.js | CRITICAL | Database corruption
2025-04-27 19:16:18,742 | frontend.js | CRITICAL | Cache miss
2025-04-27 19:16:18,742 | frontend.js | WARNING | Service timeout
2025-04-27 19:16:18,742 | frontend.js | WARNING | Unhandled exception
2025-04-27 19:16:18,742 | frontend.js | ERROR | Database corruption
2025-04-27 19:16:18,742 | frontend.js | WARNING | Database corruption
2025-04-27 19:16:18,742 | frontend.js | INFO | Memory leak detected
2025-04-27 19:16:18,742 | frontend.js | CRITICAL | User login success
2025-04-27 19:16:18,742 | frontend.js | ERROR | Cache miss
2025-04-27 19:16:18,742 | frontend.js | ERROR | System failure
2025-04-27 19:16:18,742 | frontend.js | WARNING | API response delayed
2025-04-27 19:16:18,742 | frontend.js | WARNING | System failure
2025-04-27 19:16:18,742 | frontend.js | CRITICAL | Configuration loaded
2025-04-27 19:16:18,742 | frontend.js | ERROR | Unhandled exception
