2025-04-27 19:14:01,347 | ui | WARNING | Cache miss
2025-04-27 19:14:01,347 | ui | INFO | Memory leak detected
2025-04-27 19:14:01,347 | ui | ERROR | Cache miss
2025-04-27 19:14:01,347 | ui | WARNING | Cache miss
2025-04-27 19:14:01,347 | ui | ERROR | System failure
2025-04-27 19:14:01,347 | ui | CRITICAL | Service timeout
2025-04-27 19:14:01,347 | ui | ERROR | Disk failure detected
2025-04-27 19:14:01,347 | ui | INFO | Configuration loaded
2025-04-27 19:14:01,347 | ui | ERROR | Disk failure detected
2025-04-27 19:14:01,347 | ui | ERROR | User login success
2025-04-27 19:14:01,350 | ui | CRITICAL | API response delayed
2025-04-27 19:14:01,350 | ui | CRITICAL | Cache miss
2025-04-27 19:14:01,350 | ui | ERROR | Cache miss
2025-04-27 19:14:01,350 | ui | ERROR | System failure
2025-04-27 19:14:01,350 | ui | CRITICAL | Service timeout
2025-04-27 19:14:01,350 | ui | CRITICAL | Disk failure detected
2025-04-27 19:14:01,350 | ui | WARNING | System failure
2025-04-27 19:14:01,350 | ui | WARNING | Cache miss
2025-04-27 19:14:01,350 | ui | INFO | API response delayed
2025-04-27 19:14:01,350 | ui | ERROR | Cache miss
2025-04-27 19:14:01,350 | ui | WARNING | Disk failure detected
2025-04-27 19:14:01,350 | ui | WARNING | Configuration loaded
2025-04-27 19:14:01,350 | ui | ERROR | Cache miss
2025-04-27 19:14:01,350 | ui | ERROR | Unhandled exception
2025-04-27 19:14:01,350 | ui | INFO | Configuration loaded
2025-04-27 19:14:01,350 | ui | WARNING | Configuration loaded
2025-04-27 19:14:01,350 | ui | ERROR | User login success
2025-04-27 19:14:01,350 | ui | INFO | System failure
2025-04-27 19:14:01,350 | ui | INFO | Disk failure detected
2025-04-27 19:14:01,350 | ui | WARNING | Cache miss
2025-04-27 19:14:01,350 | ui | ERROR | Configuration loaded
2025-04-27 19:14:01,350 | ui | ERROR | User login success
2025-04-27 19:14:01,350 | ui | CRITICAL | Configuration loaded
2025-04-27 19:14:01,350 | ui | CRITICAL | Cache miss
2025-04-27 19:14:01,350 | ui | INFO | Unhandled exception
2025-04-27 19:14:01,350 | ui | ERROR | Database corruption
2025-04-27 19:14:01,350 | ui | INFO | System failure
2025-04-27 19:14:01,350 | ui | ERROR | Database corruption
2025-04-27 19:14:01,350 | ui | ERROR | User login success
2025-04-27 19:14:01,350 | ui | ERROR | Memory leak detected
2025-04-27 19:14:01,350 | ui | CRITICAL | User login success
2025-04-27 19:14:01,350 | ui | ERROR | Disk failure detected
2025-04-27 19:14:01,350 | ui | ERROR | System failure
2025-04-27 19:14:01,350 | ui | INFO | System failure
2025-04-27 19:14:01,350 | ui | CRITICAL | Configuration loaded
2025-04-27 19:14:01,350 | ui | ERROR | Configuration loaded
2025-04-27 19:14:01,350 | ui | ERROR | Disk failure detected
2025-04-27 19:14:01,350 | ui | INFO | User login success
2025-04-27 19:14:01,350 | ui | WARNING | Cache miss
2025-04-27 19:14:01,353 | ui | INFO | Service timeout
2025-04-27 19:16:18,732 | ui | CRITICAL | API response delayed
2025-04-27 19:16:18,732 | ui | WARNING | Cache miss
2025-04-27 19:16:18,732 | ui | INFO | Database corruption
2025-04-27 19:16:18,732 | ui | ERROR | Unhandled exception
2025-04-27 19:16:18,732 | ui | ERROR | Disk failure detected
2025-04-27 19:16:18,732 | ui | INFO | API response delayed
2025-04-27 19:16:18,732 | ui | WARNING | Memory leak detected
2025-04-27 19:16:18,734 | ui | WARNING | Unhandled exception
2025-04-27 19:16:18,734 | ui | CRITICAL | System failure
2025-04-27 19:16:18,734 | ui | CRITICAL | Memory leak detected
2025-04-27 19:16:18,734 | ui | ERROR | Database corruption
2025-04-27 19:16:18,734 | ui | INFO | Cache miss
2025-04-27 19:16:18,734 | ui | CRITICAL | API response delayed
2025-04-27 19:16:18,734 | ui | ERROR | Database corruption
2025-04-27 19:16:18,734 | ui | ERROR | API response delayed
2025-04-27 19:16:18,734 | ui | WARNING | Cache miss
2025-04-27 19:16:18,734 | ui | CRITICAL | Memory leak detected
2025-04-27 19:16:18,734 | ui | INFO | Configuration loaded
2025-04-27 19:16:18,734 | ui | WARNING | System failure
2025-04-27 19:16:18,734 | ui | INFO | User login success
2025-04-27 19:16:18,734 | ui | ERROR | User login success
2025-04-27 19:16:18,734 | ui | WARNING | Cache miss
2025-04-27 19:16:18,734 | ui | INFO | System failure
2025-04-27 19:16:18,734 | ui | WARNING | Database corruption
2025-04-27 19:16:18,734 | ui | INFO | API response delayed
2025-04-27 19:16:18,734 | ui | WARNING | Configuration loaded
2025-04-27 19:16:18,734 | ui | ERROR | Unhandled exception
2025-04-27 19:16:18,734 | ui | CRITICAL | Configuration loaded
2025-04-27 19:16:18,734 | ui | INFO | Disk failure detected
2025-04-27 19:16:18,734 | ui | ERROR | Disk failure detected
2025-04-27 19:16:18,734 | ui | ERROR | Configuration loaded
2025-04-27 19:16:18,738 | ui | ERROR | Service timeout
2025-04-27 19:16:18,738 | ui | CRITICAL | Service timeout
2025-04-27 19:16:18,738 | ui | CRITICAL | User login success
2025-04-27 19:16:18,738 | ui | CRITICAL | User login success
2025-04-27 19:16:18,738 | ui | WARNING | Service timeout
2025-04-27 19:16:18,738 | ui | WARNING | System failure
2025-04-27 19:16:18,738 | ui | CRITICAL | Configuration loaded
2025-04-27 19:16:18,738 | ui | WARNING | Disk failure detected
2025-04-27 19:16:18,738 | ui | ERROR | API response delayed
2025-04-27 19:16:18,738 | ui | INFO | API response delayed
2025-04-27 19:16:18,738 | ui | ERROR | System failure
2025-04-27 19:16:18,738 | ui | INFO | User login success
2025-04-27 19:16:18,738 | ui | INFO | System failure
2025-04-27 19:16:18,738 | ui | WARNING | User login success
2025-04-27 19:16:18,738 | ui | WARNING | Configuration loaded
2025-04-27 19:16:18,738 | ui | ERROR | Service timeout
2025-04-27 19:16:18,738 | ui | CRITICAL | API response delayed
2025-04-27 19:16:18,740 | ui | CRITICAL | Database corruption
2025-04-27 19:16:18,740 | ui | WARNING | Memory leak detected
